# JRE version: OpenJDK Runtime Environment (8.0_152-b06) (build 1.8.0_152-release-1136-b06)
# Java VM: OpenJDK 64-Bit Server VM (25.152-b06 mixed mode windows-amd64 compressed oops)
Heap:
 PSYoungGen      total 237568K, used 83415K [0x00000000e0000000, 0x00000000f1380000, 0x0000000100000000)
  eden space 217600K, 31% used [0x00000000e0000000,0x00000000e43b3718,0x00000000ed480000)
  from space 19968K, 70% used [0x00000000ed480000,0x00000000ee242800,0x00000000ee800000)
  to   space 20480K, 0% used [0x00000000eff80000,0x00000000eff80000,0x00000000f1380000)
 ParOldGen       total 118784K, used 46570K [0x00000000a0000000, 0x00000000a7400000, 0x00000000e0000000)
  object space 118784K, 39% used [0x00000000a0000000,0x00000000a2d7a8d0,0x00000000a7400000)
 Metaspace       used 69461K, capacity 72100K, committed 72320K, reserved 1112064K
  class space    used 9178K, capacity 9790K, committed 9856K, reserved 1048576K
GC Heap History (10 events):
Event: 29.315 GC heap before
{Heap before GC invocations=12 (full 2):
 PSYoungGen      total 122880K, used 122296K [0x00000000e0000000, 0x00000000eb080000, 0x0000000100000000)
  eden space 109568K, 100% used [0x00000000e0000000,0x00000000e6b00000,0x00000000e6b00000)
  from space 13312K, 95% used [0x00000000e6b00000,0x00000000e776e3e8,0x00000000e7800000)
  to   space 14848K, 0% used [0x00000000ea200000,0x00000000ea200000,0x00000000eb080000)
 ParOldGen       total 82432K, used 17989K [0x00000000a0000000, 0x00000000a5080000, 0x00000000e0000000)
  object space 82432K, 21% used [0x00000000a0000000,0x00000000a11915d8,0x00000000a5080000)
 Metaspace       used 54776K, capacity 56240K, committed 56448K, reserved 1097728K
  class space    used 7324K, capacity 7746K, committed 7808K, reserved 1048576K
Event: 29.335 GC heap after
Heap after GC invocations=12 (full 2):
 PSYoungGen      total 162816K, used 14828K [0x00000000e0000000, 0x00000000eb680000, 0x0000000100000000)
  eden space 147968K, 0% used [0x00000000e0000000,0x00000000e0000000,0x00000000e9080000)
  from space 14848K, 99% used [0x00000000ea200000,0x00000000eb07b240,0x00000000eb080000)
  to   space 17920K, 0% used [0x00000000e9080000,0x00000000e9080000,0x00000000ea200000)
 ParOldGen       total 82432K, used 22475K [0x00000000a0000000, 0x00000000a5080000, 0x00000000e0000000)
  object space 82432K, 27% used [0x00000000a0000000,0x00000000a15f2ed0,0x00000000a5080000)
 Metaspace       used 54776K, capacity 56240K, committed 56448K, reserved 1097728K
  class space    used 7324K, capacity 7746K, committed 7808K, reserved 1048576K
}
Event: 29.855 GC heap before
{Heap before GC invocations=13 (full 2):
 PSYoungGen      total 162816K, used 51603K [0x00000000e0000000, 0x00000000eb680000, 0x0000000100000000)
  eden space 147968K, 24% used [0x00000000e0000000,0x00000000e23e9d50,0x00000000e9080000)
  from space 14848K, 99% used [0x00000000ea200000,0x00000000eb07b240,0x00000000eb080000)
  to   space 17920K, 0% used [0x00000000e9080000,0x00000000e9080000,0x00000000ea200000)
 ParOldGen       total 82432K, used 22475K [0x00000000a0000000, 0x00000000a5080000, 0x00000000e0000000)
  object space 82432K, 27% used [0x00000000a0000000,0x00000000a15f2ed0,0x00000000a5080000)
 Metaspace       used 57198K, capacity 58884K, committed 59008K, reserved 1099776K
  class space    used 7726K, capacity 8208K, committed 8320K, reserved 1048576K
Event: 29.900 GC heap after
Heap after GC invocations=13 (full 2):
 PSYoungGen      total 165888K, used 3731K [0x00000000e0000000, 0x00000000efd80000, 0x0000000100000000)
  eden space 147968K, 0% used [0x00000000e0000000,0x00000000e0000000,0x00000000e9080000)
  from space 17920K, 20% used [0x00000000e9080000,0x00000000e9424cd0,0x00000000ea200000)
  to   space 18432K, 0% used [0x00000000eeb80000,0x00000000eeb80000,0x00000000efd80000)
 ParOldGen       total 82432K, used 35498K [0x00000000a0000000, 0x00000000a5080000, 0x00000000e0000000)
  object space 82432K, 43% used [0x00000000a0000000,0x00000000a22aa9c0,0x00000000a5080000)
 Metaspace       used 57198K, capacity 58884K, committed 59008K, reserved 1099776K
  class space    used 7726K, capacity 8208K, committed 8320K, reserved 1048576K
}
Event: 29.900 GC heap before
{Heap before GC invocations=14 (full 3):
 PSYoungGen      total 165888K, used 3731K [0x00000000e0000000, 0x00000000efd80000, 0x0000000100000000)
  eden space 147968K, 0% used [0x00000000e0000000,0x00000000e0000000,0x00000000e9080000)
  from space 17920K, 20% used [0x00000000e9080000,0x00000000e9424cd0,0x00000000ea200000)
  to   space 18432K, 0% used [0x00000000eeb80000,0x00000000eeb80000,0x00000000efd80000)
 ParOldGen       total 82432K, used 35498K [0x00000000a0000000, 0x00000000a5080000, 0x00000000e0000000)
  object space 82432K, 43% used [0x00000000a0000000,0x00000000a22aa9c0,0x00000000a5080000)
 Metaspace       used 57198K, capacity 58884K, committed 59008K, reserved 1099776K
  class space    used 7726K, capacity 8208K, committed 8320K, reserved 1048576K
Event: 30.271 GC heap after
Heap after GC invocations=14 (full 3):
 PSYoungGen      total 165888K, used 0K [0x00000000e0000000, 0x00000000efd80000, 0x0000000100000000)
  eden space 147968K, 0% used [0x00000000e0000000,0x00000000e0000000,0x00000000e9080000)
  from space 17920K, 0% used [0x00000000e9080000,0x00000000e9080000,0x00000000ea200000)
  to   space 18432K, 0% used [0x00000000eeb80000,0x00000000eeb80000,0x00000000efd80000)
 ParOldGen       total 118784K, used 32010K [0x00000000a0000000, 0x00000000a7400000, 0x00000000e0000000)
  object space 118784K, 26% used [0x00000000a0000000,0x00000000a1f42800,0x00000000a7400000)
 Metaspace       used 57198K, capacity 58884K, committed 59008K, reserved 1099776K
  class space    used 7726K, capacity 8208K, committed 8320K, reserved 1048576K
}
Event: 32.125 GC heap before
{Heap before GC invocations=15 (full 3):
 PSYoungGen      total 165888K, used 147968K [0x00000000e0000000, 0x00000000efd80000, 0x0000000100000000)
  eden space 147968K, 100% used [0x00000000e0000000,0x00000000e9080000,0x00000000e9080000)
  from space 17920K, 0% used [0x00000000e9080000,0x00000000e9080000,0x00000000ea200000)
  to   space 18432K, 0% used [0x00000000eeb80000,0x00000000eeb80000,0x00000000efd80000)
 ParOldGen       total 118784K, used 32010K [0x00000000a0000000, 0x00000000a7400000, 0x00000000e0000000)
  object space 118784K, 26% used [0x00000000a0000000,0x00000000a1f42800,0x00000000a7400000)
 Metaspace       used 59608K, capacity 61428K, committed 61696K, reserved 1101824K
  class space    used 8105K, capacity 8577K, committed 8704K, reserved 1048576K
Event: 32.158 GC heap after
Heap after GC invocations=15 (full 3):
 PSYoungGen      total 208384K, used 15921K [0x00000000e0000000, 0x00000000efb80000, 0x0000000100000000)
  eden space 192000K, 0% used [0x00000000e0000000,0x00000000e0000000,0x00000000ebb80000)
  from space 16384K, 97% used [0x00000000eeb80000,0x00000000efb0c450,0x00000000efb80000)
  to   space 19968K, 0% used [0x00000000ed480000,0x00000000ed480000,0x00000000ee800000)
 ParOldGen       total 118784K, used 32010K [0x00000000a0000000, 0x00000000a7400000, 0x00000000e0000000)
  object space 118784K, 26% used [0x00000000a0000000,0x00000000a1f42800,0x00000000a7400000)
 Metaspace       used 59608K, capacity 61428K, committed 61696K, reserved 1101824K
  class space    used 8105K, capacity 8577K, committed 8704K, reserved 1048576K
}
Event: 102.135 GC heap before
{Heap before GC invocations=16 (full 3):
 PSYoungGen      total 208384K, used 207921K [0x00000000e0000000, 0x00000000efb80000, 0x0000000100000000)
  eden space 192000K, 100% used [0x00000000e0000000,0x00000000ebb80000,0x00000000ebb80000)
  from space 16384K, 97% used [0x00000000eeb80000,0x00000000efb0c450,0x00000000efb80000)
  to   space 19968K, 0% used [0x00000000ed480000,0x00000000ed480000,0x00000000ee800000)
 ParOldGen       total 118784K, used 32010K [0x00000000a0000000, 0x00000000a7400000, 0x00000000e0000000)
  object space 118784K, 26% used [0x00000000a0000000,0x00000000a1f42800,0x00000000a7400000)
 Metaspace       used 68323K, capacity 70796K, committed 70912K, reserved 1110016K
  class space    used 9028K, capacity 9650K, committed 9728K, reserved 1048576K
Event: 102.176 GC heap after
Heap after GC invocations=16 (full 3):
 PSYoungGen      total 237568K, used 14090K [0x00000000e0000000, 0x00000000f1380000, 0x0000000100000000)
  eden space 217600K, 0% used [0x00000000e0000000,0x00000000e0000000,0x00000000ed480000)
  from space 19968K, 70% used [0x00000000ed480000,0x00000000ee242800,0x00000000ee800000)
  to   space 20480K, 0% used [0x00000000eff80000,0x00000000eff80000,0x00000000f1380000)
 ParOldGen       total 118784K, used 46570K [0x00000000a0000000, 0x00000000a7400000, 0x00000000e0000000)
  object space 118784K, 39% used [0x00000000a0000000,0x00000000a2d7a8d0,0x00000000a7400000)
 Metaspace       used 68323K, capacity 70796K, committed 70912K, reserved 1110016K
  class space    used 9028K, capacity 9650K, committed 9728K, reserved 1048576K
}

